0 info it worked if it ends with ok
1 verbose cli [ 'C:\\Program Files\\nodejs\\node.exe',
1 verbose cli   'C:\\Program Files\\nodejs\\node_modules\\npm\\bin\\npm-cli.js',
1 verbose cli   'run',
1 verbose cli   'start' ]
2 info using npm@3.10.10
3 info using node@v6.11.3
4 verbose run-script [ 'prestart', 'start', 'poststart' ]
5 info lifecycle componentes@1.0.0~prestart: componentes@1.0.0
6 silly lifecycle componentes@1.0.0~prestart: no script for prestart, continuing
7 info lifecycle componentes@1.0.0~start: componentes@1.0.0
8 verbose lifecycle componentes@1.0.0~start: unsafe-perm in lifecycle true
9 verbose lifecycle componentes@1.0.0~start: PATH: C:\Program Files\nodejs\node_modules\npm\bin\node-gyp-bin;C:\Users\Rodolfo\Desktop\programacion avanzada2\2017\savino\node_modules\.bin;C:\Users\Rodolfo\Desktop\Cmder\bin;C:\Users\Rodolfo\Desktop\Cmder\vendor\git-for-windows\cmd;C:\Users\Rodolfo\Desktop\Cmder\vendor\conemu-maximus5\ConEmu\Scripts;C:\Users\Rodolfo\Desktop\Cmder\vendor\conemu-maximus5;C:\Users\Rodolfo\Desktop\Cmder\vendor\conemu-maximus5\ConEmu;C:\ProgramData\Oracle\Java\javapath;C:\Program Files\Common Files\Microsoft Shared\Windows Live;C:\Program Files (x86)\Common Files\Microsoft Shared\Windows Live;C:\windows\system32;C:\windows;C:\windows\System32\Wbem;C:\windows\System32\WindowsPowerShell\v1.0\;C:\Program Files\Lenovo\Bluetooth Software\;C:\Program Files\Lenovo\Bluetooth Software\syswow64;C:\Program Files\Intel\WiFi\bin\;C:\Program Files\Common Files\Intel\WirelessCommon\;C:\Program Files (x86)\Windows Live\Shared;%PROGRAMFILES%\Internet Explorer;C:\Program Files\Microsoft\Web Platform Installer\;C:\Program Files (x86)\Microsoft ASP.NET\ASP.NET Web Pages\v1.0\;C:\Program Files\Microsoft SQL Server\110\Tools\Binn\;c:\Program Files (x86)\Microsoft SQL Server\100\Tools\Binn\;c:\Program Files\Microsoft SQL Server\100\Tools\Binn\;c:\Program Files\Microsoft SQL Server\100\DTS\Binn\;c:\Program Files (x86)\Microsoft SQL Server\100\Tools\Binn\VSShell\Common7\IDE\;c:\Program Files (x86)\Microsoft SQL Server\100\DTS\Binn\;C:\Program Files (x86)\Windows Kits\8.1\Windows Performance Toolkit\;C:\Program Files (x86)\MySQL\MySQL Fabric 1.5 & MySQL Utilities 1.5\;C:\Program Files (x86)\MySQL\MySQL Fabric 1.5 & MySQL Utilities 1.5\Doctrine extensions for PHP\;C:\xampp\mysql\bin;C:\Program Files\nodejs\;C:\Users\Rodolfo\AppData\Roaming\npm;C:\Users\Rodolfo\Desktop\Cmder\vendor\git-for-windows\usr\bin;C:\Users\Rodolfo\Desktop\Cmder\vendor\git-for-windows\usr\share\vim\vim74;C:\Users\Rodolfo\Desktop\Cmder\
10 verbose lifecycle componentes@1.0.0~start: CWD: C:\Users\Rodolfo\Desktop\programacion avanzada2\2017\savino
11 silly lifecycle componentes@1.0.0~start: Args: [ '/d /s /c', 'live-server public/ --port=9876' ]
12 verbose stack Error: kill ENOSYS
12 verbose stack     at exports._errnoException (util.js:1020:11)
12 verbose stack     at process.kill (internal/process.js:190:13)
12 verbose stack     at process.listener (C:\Program Files\nodejs\node_modules\npm\node_modules\npmlog\node_modules\gauge\node_modules\signal-exit\index.js:86:15)
12 verbose stack     at emitNone (events.js:91:20)
12 verbose stack     at process.emit (events.js:185:7)
12 verbose stack     at processEmit (C:\Program Files\nodejs\node_modules\npm\node_modules\npmlog\node_modules\gauge\node_modules\signal-exit\index.js:146:32)
12 verbose stack     at processEmit (C:\Program Files\nodejs\node_modules\npm\node_modules\npm-registry-client\node_modules\npmlog\node_modules\gauge\node_modules\signal-exit\index.js:146:32)
12 verbose stack     at Signal.wrap.onsignal (internal/process.js:217:44)
13 verbose cwd C:\Users\Rodolfo\Desktop\programacion avanzada2\2017\savino
14 error Windows_NT 6.1.7601
15 error argv "C:\\Program Files\\nodejs\\node.exe" "C:\\Program Files\\nodejs\\node_modules\\npm\\bin\\npm-cli.js" "run" "start"
16 error node v6.11.3
17 error npm  v3.10.10
18 error code ENOSYS
19 error errno ENOSYS
20 error syscall kill
21 error kill ENOSYS
22 error If you need help, you may report this error at:
22 error     <https://github.com/npm/npm/issues>
23 verbose exit [ 1, true ]
